reading properties from: /home/pengchy/.intermine/fawmine.properties

Mon Feb  3 20:39:31 CST 2020


running: psql -U postgres -h localhost -d postgres -l

not creating fawmine as it already exists

Mon Feb  3 20:39:31 CST 2020


building db: /home/pengchy/soft/intermine.4.0/git/fawmine/gradlew --stacktrace --no-daemon --stacktrace builddb

Mon Feb  3 20:39:31 CST 2020

starting command: /home/pengchy/soft/intermine.4.0/git/fawmine/gradlew --stacktrace --no-daemon --stacktrace clean

Mon Feb  3 20:39:38 CST 2020

finished


Mon Feb  3 20:39:38 CST 2020

starting command: /home/pengchy/soft/intermine.4.0/git/fawmine/gradlew --stacktrace --no-daemon --stacktrace builddb

Note: Some input files use unchecked or unsafe operations.
Note: Recompile with -Xlint:unchecked for details.
Mon Feb  3 20:40:47 CST 2020

finished


Mon Feb  3 20:40:47 CST 2020


dropping old backup database: dropdb -U postgres -h localhost fawmine:go

Mon Feb  3 20:40:48 CST 2020


dropping old backup database: dropdb -U postgres -h localhost fawmine:interpro

Mon Feb  3 20:40:49 CST 2020

starting command: /home/pengchy/soft/intermine.4.0/git/fawmine/gradlew --stacktrace --no-daemon --stacktrace integrate -Psource=go

Mon Feb  3 20:44:02 CST 2020

finished


action go took 193 seconds

Mon Feb  3 20:44:03 CST 2020


making db copy: createdb -E SQL_ASCII -U postgres -h localhost -T fawmine fawmine:go

Mon Feb  3 20:44:12 CST 2020

finished backup


action go-dump took 10 seconds

Mon Feb  3 20:44:12 CST 2020

starting command: /home/pengchy/soft/intermine.4.0/git/fawmine/gradlew --stacktrace --no-daemon --stacktrace integrate -Psource=interpro

Mon Feb  3 20:45:09 CST 2020

finished


action interpro took 57 seconds

Mon Feb  3 20:45:09 CST 2020


making db copy: createdb -E SQL_ASCII -U postgres -h localhost -T fawmine fawmine:interpro

Mon Feb  3 20:45:22 CST 2020

finished backup


action interpro-dump took 13 seconds

Mon Feb  3 20:45:22 CST 2020

starting command: /home/pengchy/soft/intermine.4.0/git/fawmine/gradlew --stacktrace --no-daemon --stacktrace integrate -Psource=locust-scaffold

Mon Feb  3 20:46:57 CST 2020

finished


action locust-scaffold took 95 seconds

Mon Feb  3 20:46:57 CST 2020


making db copy: createdb -E SQL_ASCII -U postgres -h localhost -T fawmine fawmine:locust-scaffold

Mon Feb  3 20:47:19 CST 2020

finished backup


action locust-scaffold-dump took 22 seconds

Mon Feb  3 20:47:19 CST 2020

starting command: /home/pengchy/soft/intermine.4.0/git/fawmine/gradlew --stacktrace --no-daemon --stacktrace integrate -Psource=locust-gene-gff

Mon Feb  3 20:53:32 CST 2020

finished


action locust-gene-gff took 373 seconds

Mon Feb  3 20:53:32 CST 2020


making db copy: createdb -E SQL_ASCII -U postgres -h localhost -T fawmine fawmine:locust-gene-gff

Mon Feb  3 20:54:13 CST 2020

finished backup


action locust-gene-gff-dump took 41 seconds

Mon Feb  3 20:54:13 CST 2020

starting command: /home/pengchy/soft/intermine.4.0/git/fawmine/gradlew --stacktrace --no-daemon --stacktrace integrate -Psource=locust-cds

Mon Feb  3 20:55:24 CST 2020

finished


action locust-cds took 71 seconds

Mon Feb  3 20:55:24 CST 2020


making db copy: createdb -E SQL_ASCII -U postgres -h localhost -T fawmine fawmine:locust-cds

Mon Feb  3 20:56:06 CST 2020

finished backup


action locust-cds-dump took 42 seconds

Mon Feb  3 20:56:06 CST 2020

starting command: /home/pengchy/soft/intermine.4.0/git/fawmine/gradlew --stacktrace --no-daemon --stacktrace integrate -Psource=go-annotation


FAILURE: Build failed with an exception.

* What went wrong:
Execution failed for task ':dbmodel:retrieveSingleSource'.
> java.lang.ArrayIndexOutOfBoundsException: 1

* Try:
Run with --info or --debug option to get more log output.

* Exception is:
org.gradle.api.tasks.TaskExecutionException: Execution failed for task ':dbmodel:retrieveSingleSource'.
	at org.gradle.api.internal.tasks.execution.ExecuteActionsTaskExecuter.executeActions(ExecuteActionsTaskExecuter.java:100)
	at org.gradle.api.internal.tasks.execution.ExecuteActionsTaskExecuter.execute(ExecuteActionsTaskExecuter.java:70)
	at org.gradle.api.internal.tasks.execution.SkipUpToDateTaskExecuter.execute(SkipUpToDateTaskExecuter.java:63)
	at org.gradle.api.internal.tasks.execution.ResolveTaskOutputCachingStateExecuter.execute(ResolveTaskOutputCachingStateExecuter.java:54)
	at org.gradle.api.internal.tasks.execution.ValidatingTaskExecuter.execute(ValidatingTaskExecuter.java:58)
	at org.gradle.api.internal.tasks.execution.SkipEmptySourceFilesTaskExecuter.execute(SkipEmptySourceFilesTaskExecuter.java:88)
	at org.gradle.api.internal.tasks.execution.ResolveTaskArtifactStateTaskExecuter.execute(ResolveTaskArtifactStateTaskExecuter.java:52)
	at org.gradle.api.internal.tasks.execution.SkipTaskWithNoActionsExecuter.execute(SkipTaskWithNoActionsExecuter.java:52)
	at org.gradle.api.internal.tasks.execution.SkipOnlyIfTaskExecuter.execute(SkipOnlyIfTaskExecuter.java:54)
	at org.gradle.api.internal.tasks.execution.ExecuteAtMostOnceTaskExecuter.execute(ExecuteAtMostOnceTaskExecuter.java:43)
	at org.gradle.api.internal.tasks.execution.CatchExceptionTaskExecuter.execute(CatchExceptionTaskExecuter.java:34)
	at org.gradle.execution.taskgraph.DefaultTaskGraphExecuter$EventFiringTaskWorker$1.run(DefaultTaskGraphExecuter.java:248)
	at org.gradle.internal.progress.DefaultBuildOperationExecutor$RunnableBuildOperationWorker.execute(DefaultBuildOperationExecutor.java:336)
	at org.gradle.internal.progress.DefaultBuildOperationExecutor$RunnableBuildOperationWorker.execute(DefaultBuildOperationExecutor.java:328)
	at org.gradle.internal.progress.DefaultBuildOperationExecutor.execute(DefaultBuildOperationExecutor.java:197)
	at org.gradle.internal.progress.DefaultBuildOperationExecutor.run(DefaultBuildOperationExecutor.java:107)
	at org.gradle.execution.taskgraph.DefaultTaskGraphExecuter$EventFiringTaskWorker.execute(DefaultTaskGraphExecuter.java:241)
	at org.gradle.execution.taskgraph.DefaultTaskGraphExecuter$EventFiringTaskWorker.execute(DefaultTaskGraphExecuter.java:230)
	at org.gradle.execution.taskgraph.DefaultTaskPlanExecutor$TaskExecutorWorker.processTask(DefaultTaskPlanExecutor.java:124)
	at org.gradle.execution.taskgraph.DefaultTaskPlanExecutor$TaskExecutorWorker.access$200(DefaultTaskPlanExecutor.java:80)
	at org.gradle.execution.taskgraph.DefaultTaskPlanExecutor$TaskExecutorWorker$1.execute(DefaultTaskPlanExecutor.java:105)
	at org.gradle.execution.taskgraph.DefaultTaskPlanExecutor$TaskExecutorWorker$1.execute(DefaultTaskPlanExecutor.java:99)
	at org.gradle.execution.taskgraph.DefaultTaskExecutionPlan.execute(DefaultTaskExecutionPlan.java:625)
	at org.gradle.execution.taskgraph.DefaultTaskExecutionPlan.executeWithTask(DefaultTaskExecutionPlan.java:580)
	at org.gradle.execution.taskgraph.DefaultTaskPlanExecutor$TaskExecutorWorker.run(DefaultTaskPlanExecutor.java:99)
	at org.gradle.internal.concurrent.ExecutorPolicy$CatchAndRecordFailures.onExecute(ExecutorPolicy.java:63)
	at org.gradle.internal.concurrent.ManagedExecutorImpl$1.run(ManagedExecutorImpl.java:46)
	at org.gradle.internal.concurrent.ThreadFactoryImpl$ManagedThreadRunnable.run(ThreadFactoryImpl.java:55)
Caused by: : java.lang.ArrayIndexOutOfBoundsException: 1
	at org.intermine.task.FileConverterTask.execute(FileConverterTask.java:128)
	at org.apache.tools.ant.UnknownElement.execute(UnknownElement.java:293)
	at org.apache.tools.ant.dispatch.DispatchUtils.execute(DispatchUtils.java:106)
	at org.intermine.plugin.integrate.IntegrateUtils$_closure3.doCall(IntegrateUtils.groovy:84)
	at org.intermine.plugin.integrate.IntegrateUtils.invokeMethod(IntegrateUtils.groovy)
	at org.intermine.plugin.integrate.IntegrateUtils$_closure2.doCall(IntegrateUtils.groovy:47)
	at org.intermine.plugin.integrate.IntegratePlugin$_apply_closure7$_closure20.doCall(IntegratePlugin.groovy:179)
	at org.gradle.api.internal.AbstractTask$ClosureTaskAction.execute(AbstractTask.java:681)
	at org.gradle.api.internal.AbstractTask$ClosureTaskAction.execute(AbstractTask.java:656)
	at org.gradle.api.internal.tasks.execution.ExecuteActionsTaskExecuter$1.run(ExecuteActionsTaskExecuter.java:122)
	at org.gradle.internal.progress.DefaultBuildOperationExecutor$RunnableBuildOperationWorker.execute(DefaultBuildOperationExecutor.java:336)
	at org.gradle.internal.progress.DefaultBuildOperationExecutor$RunnableBuildOperationWorker.execute(DefaultBuildOperationExecutor.java:328)
	at org.gradle.internal.progress.DefaultBuildOperationExecutor.execute(DefaultBuildOperationExecutor.java:197)
	at org.gradle.internal.progress.DefaultBuildOperationExecutor.run(DefaultBuildOperationExecutor.java:107)
	at org.gradle.api.internal.tasks.execution.ExecuteActionsTaskExecuter.executeAction(ExecuteActionsTaskExecuter.java:111)
	at org.gradle.api.internal.tasks.execution.ExecuteActionsTaskExecuter.executeActions(ExecuteActionsTaskExecuter.java:92)
	... 27 more
Caused by: java.lang.ArrayIndexOutOfBoundsException: 1
	at org.intermine.bio.dataconversion.GoConverter.parseTaxonId(GoConverter.java:713)
	at org.intermine.bio.dataconversion.GoConverter.process(GoConverter.java:218)
	at org.intermine.task.FileConverterTask.execute(FileConverterTask.java:116)
	... 42 more


* Get more help at https://help.gradle.org

BUILD FAILED in 22s
Mon Feb  3 20:56:29 CST 2020

finished


ERROR: 256
failed with exit code 0: /home/pengchy/soft/intermine.4.0/git/fawmine/gradlew --stacktrace --no-daemon --stacktrace integrate -Psource=go-annotation

check log: pbuild.log
reading properties from: /home/pengchy/.intermine/fawmine.properties

Wed Feb  5 01:38:46 CST 2020


running: psql -U postgres -h localhost -d postgres -l

not creating fawmine as it already exists

Wed Feb  5 01:38:46 CST 2020


building db: /home/pengchy/soft/intermine.4.0/git/fawmine/gradlew --stacktrace --no-daemon --stacktrace builddb

Wed Feb  5 01:38:46 CST 2020

starting command: /home/pengchy/soft/intermine.4.0/git/fawmine/gradlew --stacktrace --no-daemon --stacktrace clean

Wed Feb  5 01:38:52 CST 2020

finished


Wed Feb  5 01:38:52 CST 2020

starting command: /home/pengchy/soft/intermine.4.0/git/fawmine/gradlew --stacktrace --no-daemon --stacktrace builddb

Note: Some input files use unchecked or unsafe operations.
Note: Recompile with -Xlint:unchecked for details.
Wed Feb  5 01:40:24 CST 2020

finished


Wed Feb  5 01:40:24 CST 2020


dropping old backup database: dropdb -U postgres -h localhost fawmine:go

Wed Feb  5 01:40:26 CST 2020


dropping old backup database: dropdb -U postgres -h localhost fawmine:interpro

Wed Feb  5 01:40:26 CST 2020


dropping old backup database: dropdb -U postgres -h localhost fawmine:faw-scaffold

Wed Feb  5 01:40:27 CST 2020


dropping old backup database: dropdb -U postgres -h localhost fawmine:faw-gene-gff

Wed Feb  5 01:40:27 CST 2020


dropping old backup database: dropdb -U postgres -h localhost fawmine:faw-cds

Wed Feb  5 01:40:28 CST 2020

starting command: /home/pengchy/soft/intermine.4.0/git/fawmine/gradlew --stacktrace --no-daemon --stacktrace integrate -Psource=go

Wed Feb  5 01:43:49 CST 2020

finished


action go took 201 seconds

Wed Feb  5 01:43:49 CST 2020


making db copy: createdb -E SQL_ASCII -U postgres -h localhost -T fawmine fawmine:go

Wed Feb  5 01:43:59 CST 2020

finished backup


action go-dump took 10 seconds

Wed Feb  5 01:43:59 CST 2020

starting command: /home/pengchy/soft/intermine.4.0/git/fawmine/gradlew --stacktrace --no-daemon --stacktrace integrate -Psource=interpro

Wed Feb  5 01:44:57 CST 2020

finished


action interpro took 58 seconds

Wed Feb  5 01:44:57 CST 2020


making db copy: createdb -E SQL_ASCII -U postgres -h localhost -T fawmine fawmine:interpro

Wed Feb  5 01:45:10 CST 2020

finished backup


action interpro-dump took 13 seconds

Wed Feb  5 01:45:10 CST 2020

starting command: /home/pengchy/soft/intermine.4.0/git/fawmine/gradlew --stacktrace --no-daemon --stacktrace integrate -Psource=faw-scaffold

Wed Feb  5 01:46:46 CST 2020

finished


action faw-scaffold took 96 seconds

Wed Feb  5 01:46:46 CST 2020


making db copy: createdb -E SQL_ASCII -U postgres -h localhost -T fawmine fawmine:faw-scaffold

Wed Feb  5 01:47:07 CST 2020

finished backup


action faw-scaffold-dump took 21 seconds

Wed Feb  5 01:47:07 CST 2020

starting command: /home/pengchy/soft/intermine.4.0/git/fawmine/gradlew --stacktrace --no-daemon --stacktrace integrate -Psource=faw-gene-gff

Wed Feb  5 01:52:16 CST 2020

finished


action faw-gene-gff took 309 seconds

Wed Feb  5 01:52:16 CST 2020


making db copy: createdb -E SQL_ASCII -U postgres -h localhost -T fawmine fawmine:faw-gene-gff

Wed Feb  5 01:52:59 CST 2020

finished backup


action faw-gene-gff-dump took 43 seconds

Wed Feb  5 01:52:59 CST 2020

starting command: /home/pengchy/soft/intermine.4.0/git/fawmine/gradlew --stacktrace --no-daemon --stacktrace integrate -Psource=faw-cds

Wed Feb  5 01:54:08 CST 2020

finished


action faw-cds took 69 seconds

Wed Feb  5 01:54:08 CST 2020


making db copy: createdb -E SQL_ASCII -U postgres -h localhost -T fawmine fawmine:faw-cds

Wed Feb  5 01:54:53 CST 2020

finished backup


action faw-cds-dump took 45 seconds

Wed Feb  5 01:54:53 CST 2020

starting command: /home/pengchy/soft/intermine.4.0/git/fawmine/gradlew --stacktrace --no-daemon --stacktrace integrate -Psource=go-annotation

Wed Feb  5 01:55:45 CST 2020

finished


action go-annotation took 52 seconds

Wed Feb  5 01:55:45 CST 2020

starting command: /home/pengchy/soft/intermine.4.0/git/fawmine/gradlew --stacktrace --no-daemon --stacktrace integrate -Psource=faw-protein

Wed Feb  5 01:57:32 CST 2020

finished


action faw-protein took 107 seconds

Wed Feb  5 01:57:32 CST 2020

starting command: /home/pengchy/soft/intermine.4.0/git/fawmine/gradlew --stacktrace --no-daemon --stacktrace integrate -Psource=faw-protein2ipr


FAILURE: Build failed with an exception.

* What went wrong:
Execution failed for task ':dbmodel:loadSingleSource'.
> java.lang.RuntimeException: ObjectStore error has occurred (in get)

* Try:
Run with --info or --debug option to get more log output.

* Exception is:
org.gradle.api.tasks.TaskExecutionException: Execution failed for task ':dbmodel:loadSingleSource'.
	at org.gradle.api.internal.tasks.execution.ExecuteActionsTaskExecuter.executeActions(ExecuteActionsTaskExecuter.java:100)
	at org.gradle.api.internal.tasks.execution.ExecuteActionsTaskExecuter.execute(ExecuteActionsTaskExecuter.java:70)
	at org.gradle.api.internal.tasks.execution.SkipUpToDateTaskExecuter.execute(SkipUpToDateTaskExecuter.java:63)
	at org.gradle.api.internal.tasks.execution.ResolveTaskOutputCachingStateExecuter.execute(ResolveTaskOutputCachingStateExecuter.java:54)
	at org.gradle.api.internal.tasks.execution.ValidatingTaskExecuter.execute(ValidatingTaskExecuter.java:58)
	at org.gradle.api.internal.tasks.execution.SkipEmptySourceFilesTaskExecuter.execute(SkipEmptySourceFilesTaskExecuter.java:88)
	at org.gradle.api.internal.tasks.execution.ResolveTaskArtifactStateTaskExecuter.execute(ResolveTaskArtifactStateTaskExecuter.java:52)
	at org.gradle.api.internal.tasks.execution.SkipTaskWithNoActionsExecuter.execute(SkipTaskWithNoActionsExecuter.java:52)
	at org.gradle.api.internal.tasks.execution.SkipOnlyIfTaskExecuter.execute(SkipOnlyIfTaskExecuter.java:54)
	at org.gradle.api.internal.tasks.execution.ExecuteAtMostOnceTaskExecuter.execute(ExecuteAtMostOnceTaskExecuter.java:43)
	at org.gradle.api.internal.tasks.execution.CatchExceptionTaskExecuter.execute(CatchExceptionTaskExecuter.java:34)
	at org.gradle.execution.taskgraph.DefaultTaskGraphExecuter$EventFiringTaskWorker$1.run(DefaultTaskGraphExecuter.java:248)
	at org.gradle.internal.progress.DefaultBuildOperationExecutor$RunnableBuildOperationWorker.execute(DefaultBuildOperationExecutor.java:336)
	at org.gradle.internal.progress.DefaultBuildOperationExecutor$RunnableBuildOperationWorker.execute(DefaultBuildOperationExecutor.java:328)
	at org.gradle.internal.progress.DefaultBuildOperationExecutor.execute(DefaultBuildOperationExecutor.java:197)
	at org.gradle.internal.progress.DefaultBuildOperationExecutor.run(DefaultBuildOperationExecutor.java:107)
	at org.gradle.execution.taskgraph.DefaultTaskGraphExecuter$EventFiringTaskWorker.execute(DefaultTaskGraphExecuter.java:241)
	at org.gradle.execution.taskgraph.DefaultTaskGraphExecuter$EventFiringTaskWorker.execute(DefaultTaskGraphExecuter.java:230)
	at org.gradle.execution.taskgraph.DefaultTaskPlanExecutor$TaskExecutorWorker.processTask(DefaultTaskPlanExecutor.java:124)
	at org.gradle.execution.taskgraph.DefaultTaskPlanExecutor$TaskExecutorWorker.access$200(DefaultTaskPlanExecutor.java:80)
	at org.gradle.execution.taskgraph.DefaultTaskPlanExecutor$TaskExecutorWorker$1.execute(DefaultTaskPlanExecutor.java:105)
	at org.gradle.execution.taskgraph.DefaultTaskPlanExecutor$TaskExecutorWorker$1.execute(DefaultTaskPlanExecutor.java:99)
	at org.gradle.execution.taskgraph.DefaultTaskExecutionPlan.execute(DefaultTaskExecutionPlan.java:625)
	at org.gradle.execution.taskgraph.DefaultTaskExecutionPlan.executeWithTask(DefaultTaskExecutionPlan.java:580)
	at org.gradle.execution.taskgraph.DefaultTaskPlanExecutor$TaskExecutorWorker.run(DefaultTaskPlanExecutor.java:99)
	at org.gradle.internal.concurrent.ExecutorPolicy$CatchAndRecordFailures.onExecute(ExecutorPolicy.java:63)
	at org.gradle.internal.concurrent.ManagedExecutorImpl$1.run(ManagedExecutorImpl.java:46)
	at org.gradle.internal.concurrent.ThreadFactoryImpl$ManagedThreadRunnable.run(ThreadFactoryImpl.java:55)
Caused by: : java.lang.RuntimeException: ObjectStore error has occurred (in get)
	at org.intermine.dataloader.ObjectStoreDataLoaderTask.execute(ObjectStoreDataLoaderTask.java:132)
	at org.apache.tools.ant.UnknownElement.execute(UnknownElement.java:293)
	at org.apache.tools.ant.dispatch.DispatchUtils.execute(DispatchUtils.java:106)
	at org.intermine.plugin.integrate.IntegrateUtils$_closure10.doCall(IntegrateUtils.groovy:272)
	at org.intermine.plugin.integrate.IntegratePlugin$_apply_closure9$_closure24.doCall(IntegratePlugin.groovy:222)
	at org.gradle.api.internal.AbstractTask$ClosureTaskAction.execute(AbstractTask.java:681)
	at org.gradle.api.internal.AbstractTask$ClosureTaskAction.execute(AbstractTask.java:656)
	at org.gradle.api.internal.tasks.execution.ExecuteActionsTaskExecuter$1.run(ExecuteActionsTaskExecuter.java:122)
	at org.gradle.internal.progress.DefaultBuildOperationExecutor$RunnableBuildOperationWorker.execute(DefaultBuildOperationExecutor.java:336)
	at org.gradle.internal.progress.DefaultBuildOperationExecutor$RunnableBuildOperationWorker.execute(DefaultBuildOperationExecutor.java:328)
	at org.gradle.internal.progress.DefaultBuildOperationExecutor.execute(DefaultBuildOperationExecutor.java:197)
	at org.gradle.internal.progress.DefaultBuildOperationExecutor.run(DefaultBuildOperationExecutor.java:107)
	at org.gradle.api.internal.tasks.execution.ExecuteActionsTaskExecuter.executeAction(ExecuteActionsTaskExecuter.java:111)
	at org.gradle.api.internal.tasks.execution.ExecuteActionsTaskExecuter.executeActions(ExecuteActionsTaskExecuter.java:92)
	... 27 more
Caused by: java.lang.RuntimeException: ObjectStore error has occurred (in get)
	at org.intermine.objectstore.query.Results.get(Results.java:233)
	at org.intermine.objectstore.query.Results$Iter.hasNext(Results.java:378)
	at org.intermine.dataloader.ObjectStoreDataLoader.process(ObjectStoreDataLoader.java:139)
	at org.intermine.dataloader.ObjectStoreDataLoader.process(ObjectStoreDataLoader.java:60)
	at org.intermine.dataloader.ObjectStoreDataLoaderTask.execute(ObjectStoreDataLoaderTask.java:127)
	... 40 more
Caused by: org.intermine.objectstore.ObjectStoreException: org.intermine.metadata.MetaDataException: Collection not found in class: Protein.proteinDomainRegions while translating Item with identifier 0_4
	at org.intermine.objectstore.translating.ObjectStoreTranslatingImpl.execute(ObjectStoreTranslatingImpl.java:184)
	at org.intermine.objectstore.fastcollections.ObjectStoreFastCollectionsForTranslatorImpl.execute(ObjectStoreFastCollectionsForTranslatorImpl.java:193)
	at org.intermine.dataloader.BatchingFetcher$NoseyObjectStore.execute(BatchingFetcher.java:580)
	at org.intermine.objectstore.query.ResultsBatches.fetchBatchFromObjectStore(ResultsBatches.java:193)
	at org.intermine.objectstore.query.PrefetchManager.doRequest(PrefetchManager.java:241)
	at org.intermine.objectstore.query.PrefetchManager.doRequest(PrefetchManager.java:146)
	at org.intermine.objectstore.query.ResultsBatches.getBatch(ResultsBatches.java:164)
	at org.intermine.objectstore.query.ResultsBatches.getRowsFromBatch(ResultsBatches.java:139)
	at org.intermine.objectstore.query.Results.range(Results.java:197)
	at org.intermine.objectstore.query.SingletonResults.range(SingletonResults.java:66)
	at org.intermine.objectstore.query.Results.get(Results.java:226)
	... 44 more
Caused by: org.intermine.metadata.MetaDataException: Collection not found in class: Protein.proteinDomainRegions while translating Item with identifier 0_4
	at org.intermine.dataconversion.ItemToObjectTranslator.translateFromDbObject(ItemToObjectTranslator.java:408)
	at org.intermine.objectstore.translating.ObjectStoreTranslatingImpl.execute(ObjectStoreTranslatingImpl.java:171)
	... 54 more


* Get more help at https://help.gradle.org

BUILD FAILED in 35s
Wed Feb  5 01:58:07 CST 2020

finished


ERROR: 256
failed with exit code 0: /home/pengchy/soft/intermine.4.0/git/fawmine/gradlew --stacktrace --no-daemon --stacktrace integrate -Psource=faw-protein2ipr

check log: pbuild.log
reading properties from: /home/pengchy/.intermine/fawmine.properties

Fri Feb  7 23:57:30 CST 2020


running: psql -U postgres -h localhost -d postgres -l

not creating fawmine as it already exists

Fri Feb  7 23:57:30 CST 2020


building db: /home/pengchy/soft/intermine.4.0/git/fawmine/gradlew --stacktrace --no-daemon --stacktrace builddb

Fri Feb  7 23:57:30 CST 2020

starting command: /home/pengchy/soft/intermine.4.0/git/fawmine/gradlew --stacktrace --no-daemon --stacktrace clean

Fri Feb  7 23:57:36 CST 2020

finished


Fri Feb  7 23:57:36 CST 2020

starting command: /home/pengchy/soft/intermine.4.0/git/fawmine/gradlew --stacktrace --no-daemon --stacktrace builddb

Note: Some input files use unchecked or unsafe operations.
Note: Recompile with -Xlint:unchecked for details.
Fri Feb  7 23:59:07 CST 2020

finished


Fri Feb  7 23:59:07 CST 2020


dropping old backup database: dropdb -U postgres -h localhost fawmine:go

Fri Feb  7 23:59:09 CST 2020


dropping old backup database: dropdb -U postgres -h localhost fawmine:interpro

Fri Feb  7 23:59:09 CST 2020


dropping old backup database: dropdb -U postgres -h localhost fawmine:faw-scaffold

Fri Feb  7 23:59:10 CST 2020


dropping old backup database: dropdb -U postgres -h localhost fawmine:faw-gene-gff

Fri Feb  7 23:59:11 CST 2020


dropping old backup database: dropdb -U postgres -h localhost fawmine:faw-cds

Fri Feb  7 23:59:13 CST 2020


dropping old backup database: dropdb -U postgres -h localhost fawmine:faw-homolog-yeast

Fri Feb  7 23:59:14 CST 2020


dropping old backup database: dropdb -U postgres -h localhost fawmine:faw-network-coexp

Fri Feb  7 23:59:15 CST 2020


dropping old backup database: dropdb -U postgres -h localhost fawmine:faw-gene-expression-PRJNA408280

Fri Feb  7 23:59:18 CST 2020


dropping old backup database: dropdb -U postgres -h localhost fawmine:faw-gene-expression-SE_PRJNA299878

Fri Feb  7 23:59:19 CST 2020


dropping old backup database: dropdb -U postgres -h localhost fawmine:entrez-organism

Fri Feb  7 23:59:22 CST 2020


dropping old backup database: dropdb -U postgres -h localhost fawmine:summarise-objectstore

Fri Feb  7 23:59:25 CST 2020

starting command: /home/pengchy/soft/intermine.4.0/git/fawmine/gradlew --stacktrace --no-daemon --stacktrace integrate -Psource=go

Sat Feb  8 00:03:36 CST 2020

finished


action go took 251 seconds

Sat Feb  8 00:03:36 CST 2020


making db copy: createdb -E SQL_ASCII -U postgres -h localhost -T fawmine fawmine:go

Sat Feb  8 00:03:47 CST 2020

finished backup


action go-dump took 11 seconds

Sat Feb  8 00:03:47 CST 2020

starting command: /home/pengchy/soft/intermine.4.0/git/fawmine/gradlew --stacktrace --no-daemon --stacktrace integrate -Psource=interpro

Sat Feb  8 00:04:58 CST 2020

finished


action interpro took 71 seconds

Sat Feb  8 00:04:58 CST 2020


making db copy: createdb -E SQL_ASCII -U postgres -h localhost -T fawmine fawmine:interpro

Sat Feb  8 00:05:12 CST 2020

finished backup


action interpro-dump took 14 seconds

Sat Feb  8 00:05:12 CST 2020

starting command: /home/pengchy/soft/intermine.4.0/git/fawmine/gradlew --stacktrace --no-daemon --stacktrace integrate -Psource=faw-scaffold

Sat Feb  8 00:06:56 CST 2020

finished


action faw-scaffold took 104 seconds

Sat Feb  8 00:06:56 CST 2020


making db copy: createdb -E SQL_ASCII -U postgres -h localhost -T fawmine fawmine:faw-scaffold

Sat Feb  8 00:07:21 CST 2020

finished backup


action faw-scaffold-dump took 25 seconds

Sat Feb  8 00:07:21 CST 2020

starting command: /home/pengchy/soft/intermine.4.0/git/fawmine/gradlew --stacktrace --no-daemon --stacktrace integrate -Psource=faw-gene-gff

Sat Feb  8 00:15:08 CST 2020

finished


action faw-gene-gff took 467 seconds

Sat Feb  8 00:15:08 CST 2020


making db copy: createdb -E SQL_ASCII -U postgres -h localhost -T fawmine fawmine:faw-gene-gff

Sat Feb  8 00:15:55 CST 2020

finished backup


action faw-gene-gff-dump took 47 seconds

Sat Feb  8 00:15:55 CST 2020

starting command: /home/pengchy/soft/intermine.4.0/git/fawmine/gradlew --stacktrace --no-daemon --stacktrace integrate -Psource=faw-cds

Sat Feb  8 00:17:24 CST 2020

finished


action faw-cds took 89 seconds

Sat Feb  8 00:17:24 CST 2020


making db copy: createdb -E SQL_ASCII -U postgres -h localhost -T fawmine fawmine:faw-cds

Sat Feb  8 00:18:05 CST 2020

finished backup


action faw-cds-dump took 41 seconds

Sat Feb  8 00:18:05 CST 2020

starting command: /home/pengchy/soft/intermine.4.0/git/fawmine/gradlew --stacktrace --no-daemon --stacktrace integrate -Psource=go-annotation

Sat Feb  8 00:19:13 CST 2020

finished


action go-annotation took 68 seconds

Sat Feb  8 00:19:13 CST 2020

starting command: /home/pengchy/soft/intermine.4.0/git/fawmine/gradlew --stacktrace --no-daemon --stacktrace integrate -Psource=faw-protein

Sat Feb  8 00:21:18 CST 2020

finished


action faw-protein took 125 seconds

Sat Feb  8 00:21:18 CST 2020

starting command: /home/pengchy/soft/intermine.4.0/git/fawmine/gradlew --stacktrace --no-daemon --stacktrace integrate -Psource=faw-protein2ipr

Sat Feb  8 00:23:33 CST 2020

finished


action faw-protein2ipr took 135 seconds

Sat Feb  8 00:23:33 CST 2020

starting command: /home/pengchy/soft/intermine.4.0/git/fawmine/gradlew --stacktrace --no-daemon --stacktrace integrate -Psource=faw-kegg-pathway

Sat Feb  8 00:24:16 CST 2020

finished


action faw-kegg-pathway took 43 seconds

Sat Feb  8 00:24:16 CST 2020

starting command: /home/pengchy/soft/intermine.4.0/git/fawmine/gradlew --stacktrace --no-daemon --stacktrace integrate -Psource=faw-homolog-rat

Sat Feb  8 00:25:07 CST 2020

finished


action faw-homolog-rat took 51 seconds

Sat Feb  8 00:25:07 CST 2020

starting command: /home/pengchy/soft/intermine.4.0/git/fawmine/gradlew --stacktrace --no-daemon --stacktrace integrate -Psource=faw-homolog-caeel

Sat Feb  8 00:25:56 CST 2020

finished


action faw-homolog-caeel took 49 seconds

Sat Feb  8 00:25:56 CST 2020

starting command: /home/pengchy/soft/intermine.4.0/git/fawmine/gradlew --stacktrace --no-daemon --stacktrace integrate -Psource=faw-homolog-drome

Sat Feb  8 00:26:56 CST 2020

finished


action faw-homolog-drome took 60 seconds

Sat Feb  8 00:26:56 CST 2020

starting command: /home/pengchy/soft/intermine.4.0/git/fawmine/gradlew --stacktrace --no-daemon --stacktrace integrate -Psource=faw-homolog-human

Sat Feb  8 00:27:55 CST 2020

finished


action faw-homolog-human took 59 seconds

Sat Feb  8 00:27:55 CST 2020

starting command: /home/pengchy/soft/intermine.4.0/git/fawmine/gradlew --stacktrace --no-daemon --stacktrace integrate -Psource=faw-homolog-mouse

Sat Feb  8 00:28:41 CST 2020

finished


action faw-homolog-mouse took 46 seconds

Sat Feb  8 00:28:41 CST 2020

starting command: /home/pengchy/soft/intermine.4.0/git/fawmine/gradlew --stacktrace --no-daemon --stacktrace integrate -Psource=faw-homolog-zebrafish

Sat Feb  8 00:29:42 CST 2020

finished


action faw-homolog-zebrafish took 61 seconds

Sat Feb  8 00:29:42 CST 2020

starting command: /home/pengchy/soft/intermine.4.0/git/fawmine/gradlew --stacktrace --no-daemon --stacktrace integrate -Psource=faw-homolog-yeast

Sat Feb  8 00:30:27 CST 2020

finished


action faw-homolog-yeast took 45 seconds

Sat Feb  8 00:30:27 CST 2020


making db copy: createdb -E SQL_ASCII -U postgres -h localhost -T fawmine fawmine:faw-homolog-yeast

Sat Feb  8 00:31:39 CST 2020

finished backup


action faw-homolog-yeast-dump took 72 seconds

Sat Feb  8 00:31:39 CST 2020

starting command: /home/pengchy/soft/intermine.4.0/git/fawmine/gradlew --stacktrace --no-daemon --stacktrace integrate -Psource=faw-network-ppi

Sat Feb  8 00:33:54 CST 2020

finished


action faw-network-ppi took 135 seconds

Sat Feb  8 00:33:54 CST 2020

starting command: /home/pengchy/soft/intermine.4.0/git/fawmine/gradlew --stacktrace --no-daemon --stacktrace integrate -Psource=faw-network-coexp

Sat Feb  8 00:41:16 CST 2020

finished


action faw-network-coexp took 442 seconds

Sat Feb  8 00:41:16 CST 2020


making db copy: createdb -E SQL_ASCII -U postgres -h localhost -T fawmine fawmine:faw-network-coexp

Sat Feb  8 00:42:21 CST 2020

finished backup


action faw-network-coexp-dump took 65 seconds

Sat Feb  8 00:42:21 CST 2020

starting command: /home/pengchy/soft/intermine.4.0/git/fawmine/gradlew --stacktrace --no-daemon --stacktrace integrate -Psource=faw-gene-expression-PRJNA408280

Sat Feb  8 00:54:14 CST 2020

finished


action faw-gene-expression-PRJNA408280 took 713 seconds

Sat Feb  8 00:54:14 CST 2020


making db copy: createdb -E SQL_ASCII -U postgres -h localhost -T fawmine fawmine:faw-gene-expression-PRJNA408280

Sat Feb  8 00:55:19 CST 2020

finished backup


action faw-gene-expression-PRJNA408280-dump took 65 seconds

Sat Feb  8 00:55:19 CST 2020

starting command: /home/pengchy/soft/intermine.4.0/git/fawmine/gradlew --stacktrace --no-daemon --stacktrace integrate -Psource=faw-gene-expression-SE_E-MTAB-6540

Sat Feb  8 01:02:34 CST 2020

finished


action faw-gene-expression-SE_E-MTAB-6540 took 435 seconds

Sat Feb  8 01:02:34 CST 2020

starting command: /home/pengchy/soft/intermine.4.0/git/fawmine/gradlew --stacktrace --no-daemon --stacktrace integrate -Psource=faw-gene-expression-SE_PRJNA299878

Sat Feb  8 01:04:36 CST 2020

finished


action faw-gene-expression-SE_PRJNA299878 took 122 seconds

Sat Feb  8 01:04:36 CST 2020


making db copy: createdb -E SQL_ASCII -U postgres -h localhost -T fawmine fawmine:faw-gene-expression-SE_PRJNA299878

Sat Feb  8 01:06:14 CST 2020

finished backup


action faw-gene-expression-SE_PRJNA299878-dump took 98 seconds

Sat Feb  8 01:06:14 CST 2020

starting command: /home/pengchy/soft/intermine.4.0/git/fawmine/gradlew --stacktrace --no-daemon --stacktrace integrate -Psource=faw-gene-expression-Sf21

Sat Feb  8 01:07:30 CST 2020

finished


action faw-gene-expression-Sf21 took 76 seconds

Sat Feb  8 01:07:30 CST 2020

starting command: /home/pengchy/soft/intermine.4.0/git/fawmine/gradlew --stacktrace --no-daemon --stacktrace integrate -Psource=entrez-organism

Sat Feb  8 01:07:57 CST 2020

finished


action entrez-organism took 27 seconds

Sat Feb  8 01:07:57 CST 2020


making db copy: createdb -E SQL_ASCII -U postgres -h localhost -T fawmine fawmine:entrez-organism

Sat Feb  8 01:09:21 CST 2020

finished backup


action entrez-organism-dump took 84 seconds

Sat Feb  8 01:09:21 CST 2020

starting command: /home/pengchy/soft/intermine.4.0/git/fawmine/gradlew --stacktrace --no-daemon --stacktrace postprocess -Pprocess=create-chromosome-locations-and-lengths

Sat Feb  8 01:12:40 CST 2020

finished


action create-chromosome-locations-and-lengths took 199 seconds

Sat Feb  8 01:12:40 CST 2020

starting command: /home/pengchy/soft/intermine.4.0/git/fawmine/gradlew --stacktrace --no-daemon --stacktrace postprocess -Pprocess=create-references

Sat Feb  8 01:14:26 CST 2020

finished


action create-references took 106 seconds

Sat Feb  8 01:14:26 CST 2020

starting command: /home/pengchy/soft/intermine.4.0/git/fawmine/gradlew --stacktrace --no-daemon --stacktrace postprocess -Pprocess=create-location-overlap-index

Sat Feb  8 01:14:48 CST 2020

finished


action create-location-overlap-index took 22 seconds

Sat Feb  8 01:14:48 CST 2020

starting command: /home/pengchy/soft/intermine.4.0/git/fawmine/gradlew --stacktrace --no-daemon --stacktrace postprocess -Pprocess=create-overlap-view

Sat Feb  8 01:15:03 CST 2020

finished


action create-overlap-view took 15 seconds

Sat Feb  8 01:15:03 CST 2020

starting command: /home/pengchy/soft/intermine.4.0/git/fawmine/gradlew --stacktrace --no-daemon --stacktrace postprocess -Pprocess=do-sources

Sat Feb  8 01:15:25 CST 2020

finished


action do-sources took 22 seconds

Sat Feb  8 01:15:25 CST 2020

starting command: /home/pengchy/soft/intermine.4.0/git/fawmine/gradlew --stacktrace --no-daemon --stacktrace postprocess -Pprocess=create-attribute-indexes

Sat Feb  8 01:16:33 CST 2020

finished


action create-attribute-indexes took 68 seconds

Sat Feb  8 01:16:33 CST 2020

starting command: /home/pengchy/soft/intermine.4.0/git/fawmine/gradlew --stacktrace --no-daemon --stacktrace postprocess -Pprocess=create-search-index

Sat Feb  8 01:19:42 CST 2020

finished


action create-search-index took 189 seconds

Sat Feb  8 01:19:42 CST 2020

starting command: /home/pengchy/soft/intermine.4.0/git/fawmine/gradlew --stacktrace --no-daemon --stacktrace postprocess -Pprocess=populate-child-features

Sat Feb  8 01:20:00 CST 2020

finished


action populate-child-features took 18 seconds

Sat Feb  8 01:20:00 CST 2020

starting command: /home/pengchy/soft/intermine.4.0/git/fawmine/gradlew --stacktrace --no-daemon --stacktrace postprocess -Pprocess=summarise-objectstore

Sat Feb  8 01:21:02 CST 2020

finished


action summarise-objectstore took 62 seconds

Sat Feb  8 01:21:02 CST 2020


making db copy: createdb -E SQL_ASCII -U postgres -h localhost -T fawmine fawmine:summarise-objectstore

Sat Feb  8 01:22:28 CST 2020

finished backup


action summarise-objectstore-dump took 86 seconds

Sat Feb  8 01:22:28 CST 2020

starting command: /home/pengchy/soft/intermine.4.0/git/fawmine/gradlew --stacktrace --no-daemon --stacktrace postprocess -Pprocess=create-autocomplete-index

Sat Feb  8 01:22:53 CST 2020

finished


action create-autocomplete-index took 25 seconds

Sat Feb  8 01:22:53 CST 2020


dumping: pg_dump -F c -i -U postgres -h localhost -f dump/.final fawmine

Sat Feb  8 01:30:36 CST 2020

finished dump


action final-dump took 463 seconds


action name                                   time in seconds
-------------------------------------------------------------
go                                                       251
go-dump                                                   11
interpro                                                  71
interpro-dump                                             14
faw-scaffold                                             104
faw-scaffold-dump                                         25
faw-gene-gff                                             467
faw-gene-gff-dump                                         47
faw-cds                                                   89
faw-cds-dump                                              41
go-annotation                                             68
faw-protein                                              125
faw-protein2ipr                                          135
faw-kegg-pathway                                          43
faw-homolog-rat                                           51
faw-homolog-caeel                                         49
faw-homolog-drome                                         60
faw-homolog-human                                         59
faw-homolog-mouse                                         46
faw-homolog-zebrafish                                     61
faw-homolog-yeast                                         45
faw-homolog-yeast-dump                                    72
faw-network-ppi                                          135
faw-network-coexp                                        442
faw-network-coexp-dump                                    65
faw-gene-expression-PRJNA408280                          713
faw-gene-expression-PRJNA408280-dump                      65
faw-gene-expression-SE_E-MTAB-6540                       435
faw-gene-expression-SE_PRJNA299878                       122
faw-gene-expression-SE_PRJNA299878-dump                   98
faw-gene-expression-Sf21                                  76
entrez-organism                                           27
entrez-organism-dump                                      84
create-chromosome-locations-and-lengths                  199
create-references                                        106
create-location-overlap-index                             22
create-overlap-view                                       15
do-sources                                                22
create-attribute-indexes                                  68
create-search-index                                      189
populate-child-features                                   18
summarise-objectstore                                     62
summarise-objectstore-dump                                86
create-autocomplete-index                                 25
final-dump                                               463

total                                                   5471
